[     197ms] [INFO] %cDownload the React DevTools for a better development experience: https://react.dev/link/react-devtools font-weight:bold @ http://localhost:3001/_next/static/chunks/node_modules_next_dist_115brz8._.js:2477
[     234ms] [LOG] [HMR] connected @ http://localhost:3001/_next/static/chunks/node_modules_next_dist_115brz8._.js:2477
[    3512ms] [LOG] [Fast Refresh] rebuilding @ http://localhost:3001/_next/static/chunks/node_modules_next_dist_115brz8._.js:2477
[    3534ms] [LOG] [Fast Refresh] done in 133ms @ http://localhost:3001/_next/static/chunks/node_modules_next_dist_115brz8._.js:2477
[  567731ms] [LOG] [Fast Refresh] rebuilding @ http://localhost:3001/_next/static/chunks/node_modules_next_dist_115brz8._.js:2477
[  567809ms] [WARNING] [Fast Refresh] performing full reload

Fast Refresh will perform a full reload when you edit a file that's imported by modules outside of the React rendering tree.
You might have a file which exports a React component but also exports a value that is imported by a non-React component file.
Consider migrating the non-React component export to a separate file and importing it into both files.

It is also possible the parent component of the component you edited is a class component, which disables Fast Refresh.
Fast Refresh requires at least one parent function component in your React tree. @ http://localhost:3001/_next/static/chunks/node_modules_next_dist_115brz8._.js:2477
[  567815ms] [LOG] [Fast Refresh] done in 182ms @ http://localhost:3001/_next/static/chunks/node_modules_next_dist_115brz8._.js:2477
[  568032ms] [LOG] [Fast Refresh] rebuilding @ http://localhost:3001/_next/static/chunks/node_modules_next_dist_115brz8._.js:2477
[  568108ms] [LOG] [Fast Refresh] done in 177ms @ http://localhost:3001/_next/static/chunks/node_modules_next_dist_115brz8._.js:2477
[  568225ms] [INFO] %cDownload the React DevTools for a better development experience: https://react.dev/link/react-devtools font-weight:bold @ http://localhost:3001/_next/static/chunks/node_modules_next_dist_115brz8._.js:2477
[  568269ms] [LOG] [HMR] connected @ http://localhost:3001/_next/static/chunks/node_modules_next_dist_115brz8._.js:2477
[  578640ms] [LOG] [Fast Refresh] rebuilding @ http://localhost:3001/_next/static/chunks/node_modules_next_dist_115brz8._.js:2477
[  578694ms] [LOG] [Fast Refresh] done in 118ms @ http://localhost:3001/_next/static/chunks/node_modules_next_dist_115brz8._.js:2477
[  578879ms] [LOG] [Fast Refresh] rebuilding @ http://localhost:3001/_next/static/chunks/node_modules_next_dist_115brz8._.js:2477
[  578881ms] [LOG] [Fast Refresh] done in 187ms @ http://localhost:3001/_next/static/chunks/node_modules_next_dist_115brz8._.js:2477
[  586034ms] [LOG] [Fast Refresh] rebuilding @ http://localhost:3001/_next/static/chunks/node_modules_next_dist_115brz8._.js:2477
[  586187ms] [LOG] [Fast Refresh] done in 81ms @ http://localhost:3001/_next/static/chunks/node_modules_next_dist_115brz8._.js:2477
[  593529ms] [LOG] [Fast Refresh] rebuilding @ http://localhost:3001/_next/static/chunks/node_modules_next_dist_115brz8._.js:2477
[  593659ms] [LOG] [Fast Refresh] done in 141ms @ http://localhost:3001/_next/static/chunks/node_modules_next_dist_115brz8._.js:2477
[  604184ms] [LOG] [Fast Refresh] rebuilding @ http://localhost:3001/_next/static/chunks/node_modules_next_dist_115brz8._.js:2477
[  604513ms] [LOG] [Fast Refresh] done in 289ms @ http://localhost:3001/_next/static/chunks/node_modules_next_dist_115brz8._.js:2477
[  604688ms] [LOG] [Fast Refresh] rebuilding @ http://localhost:3001/_next/static/chunks/node_modules_next_dist_115brz8._.js:2477
[  604696ms] [LOG] [Fast Refresh] done in 134ms @ http://localhost:3001/_next/static/chunks/node_modules_next_dist_115brz8._.js:2477
[ 1274310ms] [LOG] [Fast Refresh] rebuilding @ http://localhost:3001/_next/static/chunks/node_modules_next_dist_115brz8._.js:2477
[ 1274409ms] [LOG] [Fast Refresh] done in 177ms @ http://localhost:3001/_next/static/chunks/node_modules_next_dist_115brz8._.js:2477
[ 1274635ms] [LOG] [Fast Refresh] rebuilding @ http://localhost:3001/_next/static/chunks/node_modules_next_dist_115brz8._.js:2477
[ 1274635ms] [LOG] [Fast Refresh] done in 226ms @ http://localhost:3001/_next/static/chunks/node_modules_next_dist_115brz8._.js:2477
[ 1285834ms] [LOG] [Fast Refresh] rebuilding @ http://localhost:3001/_next/static/chunks/node_modules_next_dist_115brz8._.js:2477
[ 1285875ms] [LOG] [Fast Refresh] done in 99ms @ http://localhost:3001/_next/static/chunks/node_modules_next_dist_115brz8._.js:2477
[ 1285988ms] [LOG] [Fast Refresh] rebuilding @ http://localhost:3001/_next/static/chunks/node_modules_next_dist_115brz8._.js:2477
[ 1286068ms] [LOG] [Fast Refresh] done in 184ms @ http://localhost:3001/_next/static/chunks/node_modules_next_dist_115brz8._.js:2477
[ 1300354ms] [LOG] [Fast Refresh] rebuilding @ http://localhost:3001/_next/static/chunks/node_modules_next_dist_115brz8._.js:2477
[ 1300515ms] [LOG] [Fast Refresh] done in 106ms @ http://localhost:3001/_next/static/chunks/node_modules_next_dist_115brz8._.js:2477
[ 1749636ms] [LOG] [Fast Refresh] rebuilding @ http://localhost:3001/_next/static/chunks/node_modules_next_dist_115brz8._.js:2477
[ 1749837ms] [LOG] [Fast Refresh] done in 111ms @ http://localhost:3001/_next/static/chunks/node_modules_next_dist_115brz8._.js:2477
[ 2148602ms] [LOG] [Fast Refresh] rebuilding @ http://localhost:3001/_next/static/chunks/node_modules_next_dist_115brz8._.js:2477
[ 2148680ms] [WARNING] [Fast Refresh] performing full reload

Fast Refresh will perform a full reload when you edit a file that's imported by modules outside of the React rendering tree.
You might have a file which exports a React component but also exports a value that is imported by a non-React component file.
Consider migrating the non-React component export to a separate file and importing it into both files.

It is also possible the parent component of the component you edited is a class component, which disables Fast Refresh.
Fast Refresh requires at least one parent function component in your React tree. @ http://localhost:3001/_next/static/chunks/node_modules_next_dist_115brz8._.js:2477
[ 2148686ms] [LOG] [Fast Refresh] done in 178ms @ http://localhost:3001/_next/static/chunks/node_modules_next_dist_115brz8._.js:2477
[ 2148799ms] [LOG] [Fast Refresh] rebuilding @ http://localhost:3001/_next/static/chunks/node_modules_next_dist_115brz8._.js:2477
[ 2148845ms] [LOG] [Fast Refresh] done in 159ms @ http://localhost:3001/_next/static/chunks/node_modules_next_dist_115brz8._.js:2477
[ 2148960ms] [LOG] [Fast Refresh] rebuilding @ http://localhost:3001/_next/static/chunks/node_modules_next_dist_115brz8._.js:2477
[ 2149043ms] [LOG] [Fast Refresh] done in 190ms @ http://localhost:3001/_next/static/chunks/node_modules_next_dist_115brz8._.js:2477
[ 2149194ms] [INFO] %cDownload the React DevTools for a better development experience: https://react.dev/link/react-devtools font-weight:bold @ http://localhost:3001/_next/static/chunks/node_modules_next_dist_115brz8._.js:2477
[ 2149232ms] [LOG] [HMR] connected @ http://localhost:3001/_next/static/chunks/node_modules_next_dist_115brz8._.js:2477
[ 2161970ms] [LOG] [Fast Refresh] rebuilding @ http://localhost:3001/_next/static/chunks/node_modules_next_dist_115brz8._.js:2477
[ 2162026ms] [LOG] [Fast Refresh] done in 99ms @ http://localhost:3001/_next/static/chunks/node_modules_next_dist_115brz8._.js:2477
[ 2162258ms] [LOG] [Fast Refresh] rebuilding @ http://localhost:3001/_next/static/chunks/node_modules_next_dist_115brz8._.js:2477
[ 2162296ms] [LOG] [Fast Refresh] done in 270ms @ http://localhost:3001/_next/static/chunks/node_modules_next_dist_115brz8._.js:2477
[ 2167579ms] [LOG] [Fast Refresh] rebuilding @ http://localhost:3001/_next/static/chunks/node_modules_next_dist_115brz8._.js:2477
[ 2167624ms] [LOG] [Fast Refresh] done in 113ms @ http://localhost:3001/_next/static/chunks/node_modules_next_dist_115brz8._.js:2477
[ 2167857ms] [LOG] [Fast Refresh] rebuilding @ http://localhost:3001/_next/static/chunks/node_modules_next_dist_115brz8._.js:2477
[ 2167858ms] [LOG] [Fast Refresh] done in 229ms @ http://localhost:3001/_next/static/chunks/node_modules_next_dist_115brz8._.js:2477
[ 2173711ms] [LOG] [Fast Refresh] rebuilding @ http://localhost:3001/_next/static/chunks/node_modules_next_dist_115brz8._.js:2477
[ 2173771ms] [ERROR] The final argument passed to %s changed size between renders. The order and size of this array must remain constant.

Previous: %s
Incoming: %s useEffect [()=>{
            __TURBOPACK__imported__module__$5b$project$5d2f$apps$2f$admin$2f$lib$2f$api$2e$ts__$5b$app$2d$client$5d$__$28$ecmascript$29$__["scraperApi"].stats().then(setStats).catch({
                "ScraperPage.useCallback[loadStats]": ()=>{}
            }["ScraperPage.useCallback[loadStats]"]);
        }, ()=>{
            __TURBOPACK__imported__module__$5b$project$5d2f$apps$2f$admin$2f$lib$2f$api$2e$ts__$5b$app$2d$client$5d$__$28$ecmascript$29$__["scraperApi"].runs(20).then(setRuns).catch({
                "ScraperPage.useCallback[loadRuns]": ()=>{}
            }["ScraperPage.useCallback[loadRuns]"]);
        }, ()=>{
            __TURBOPACK__imported__module__$5b$project$5d2f$apps$2f$admin$2f$lib$2f$api$2e$ts__$5b$app$2d$client$5d$__$28$ecmascript$29$__["healthApi"].check().then({
                "ScraperPage.useCallback[checkServiceHealth]": (h)=>setServiceOnline(h.scraper)
            }["ScraperPage.useCallback[checkServiceHealth]"]).catch({
                "ScraperPage.useCallback[checkServiceHealth]": ()=>setServiceOnline(false)
            }["ScraperPage.useCallback[checkServiceHealth]"]);
        }, [object Object]] [()=>{
            __TURBOPACK__imported__module__$5b$project$5d2f$apps$2f$admin$2f$lib$2f$api$2e$ts__$5b$app$2d$client$5d$__$28$ecmascript$29$__["scraperApi"].stats().then(setStats).catch({
                "ScraperPage.useCallback[loadStats]": ()=>{}
            }["ScraperPage.useCallback[loadStats]"]);
        }, ()=>{
            __TURBOPACK__imported__module__$5b$project$5d2f$apps$2f$admin$2f$lib$2f$api$2e$ts__$5b$app$2d$client$5d$__$28$ecmascript$29$__["scraperApi"].runs(20).then(setRuns).catch({
                "ScraperPage.useCallback[loadRuns]": ()=>{}
            }["ScraperPage.useCallback[loadRuns]"]);
        }, ()=>{
            __TURBOPACK__imported__module__$5b$project$5d2f$apps$2f$admin$2f$lib$2f$api$2e$ts__$5b$app$2d$client$5d$__$28$ecmascript$29$__["scraperApi"].getSchedule().then({
                "ScraperPage.useCallback[loadSchedule]": (r)=>setScheduleHours(r.hours)
            }["ScraperPage.useCallback[loadSchedule]"]).catch({
                "ScraperPage.useCallback[loadSchedule]": ()=>{}
            }["ScraperPage.useCallback[loadSchedule]"]);
        }, ()=>{
            __TURBOPACK__imported__module__$5b$project$5d2f$apps$2f$admin$2f$lib$2f$api$2e$ts__$5b$app$2d$client$5d$__$28$ecmascript$29$__["healthApi"].check().then({
                "ScraperPage.useCallback[checkServiceHealth]": (h)=>setServiceOnline(h.scraper)
            }["ScraperPage.useCallback[checkServiceHealth]"]).catch({
                "ScraperPage.useCallback[checkServiceHealth]": ()=>setServiceOnline(false)
            }["ScraperPage.useCallback[checkServiceHealth]"]);
        }, [object Object]] @ http://localhost:3001/_next/static/chunks/node_modules_next_dist_115brz8._.js:3318
[ 2173914ms] [LOG] [Fast Refresh] done in 105ms @ http://localhost:3001/_next/static/chunks/node_modules_next_dist_115brz8._.js:2477
[ 2173925ms] [ERROR] Failed to load resource: the server responded with a status of 404 (Not Found) @ http://localhost:3002/scraper/schedule:0
[ 2174143ms] [LOG] [Fast Refresh] rebuilding @ http://localhost:3001/_next/static/chunks/node_modules_next_dist_115brz8._.js:2477
[ 2174144ms] [LOG] [Fast Refresh] done in 169ms @ http://localhost:3001/_next/static/chunks/node_modules_next_dist_115brz8._.js:2477
[ 2181341ms] [LOG] [Fast Refresh] rebuilding @ http://localhost:3001/_next/static/chunks/node_modules_next_dist_115brz8._.js:2477
[ 2181552ms] [LOG] [Fast Refresh] done in 114ms @ http://localhost:3001/_next/static/chunks/node_modules_next_dist_115brz8._.js:2477
[ 2181554ms] [ERROR] Failed to load resource: the server responded with a status of 404 (Not Found) @ http://localhost:3002/scraper/schedule:0
[ 2188290ms] [LOG] [Fast Refresh] rebuilding @ http://localhost:3001/_next/static/chunks/node_modules_next_dist_115brz8._.js:2477
[ 2188446ms] [LOG] [Fast Refresh] done in 113ms @ http://localhost:3001/_next/static/chunks/node_modules_next_dist_115brz8._.js:2477
[ 2188488ms] [ERROR] Failed to load resource: the server responded with a status of 404 (Not Found) @ http://localhost:3002/scraper/schedule:0
[ 2201362ms] [LOG] [Fast Refresh] rebuilding @ http://localhost:3001/_next/static/chunks/node_modules_next_dist_115brz8._.js:2477
[ 2201736ms] [LOG] [Fast Refresh] done in 310ms @ http://localhost:3001/_next/static/chunks/node_modules_next_dist_115brz8._.js:2477
[ 2201818ms] [ERROR] Failed to load resource: the server responded with a status of 404 (Not Found) @ http://localhost:3002/scraper/schedule:0
[ 2475262ms] [LOG] [Fast Refresh] rebuilding @ http://localhost:3001/_next/static/chunks/node_modules_next_dist_115brz8._.js:2477
[ 2475309ms] [LOG] [Fast Refresh] done in 118ms @ http://localhost:3001/_next/static/chunks/node_modules_next_dist_115brz8._.js:2477
[ 2475440ms] ReferenceError: SCHEDULE_OPTIONS is not defined
    at ScraperPage (http://localhost:3001/_next/static/chunks/apps_admin_app_scraper_page_tsx_0ds1j3m._.js?id=%255Bproject%255D%252Fapps%252Fadmin%252Fapp%252Fscraper%252Fpage.tsx+%255Bapp-client%255D+%2528ecmascript%2529:650:35)
    at Object.react_stack_bottom_frame (http://localhost:3001/_next/static/chunks/node_modules_next_dist_compiled_react-dom_058-ah~._.js:15037:24)
    at renderWithHooks (http://localhost:3001/_next/static/chunks/node_modules_next_dist_compiled_react-dom_058-ah~._.js:4620:24)
    at updateFunctionComponent (http://localhost:3001/_next/static/chunks/node_modules_next_dist_compiled_react-dom_058-ah~._.js:6081:21)
    at beginWork (http://localhost:3001/_next/static/chunks/node_modules_next_dist_compiled_react-dom_058-ah~._.js:6691:24)
    at runWithFiberInDEV (http://localhost:3001/_next/static/chunks/node_modules_next_dist_compiled_react-dom_058-ah~._.js:965:74)
    at performUnitOfWork (http://localhost:3001/_next/static/chunks/node_modules_next_dist_compiled_react-dom_058-ah~._.js:9555:97)
    at workLoopSync (http://localhost:3001/_next/static/chunks/node_modules_next_dist_compiled_react-dom_058-ah~._.js:9449:40)
    at renderRootSync (http://localhost:3001/_next/static/chunks/node_modules_next_dist_compiled_react-dom_058-ah~._.js:9433:13)
    at performWorkOnRoot (http://localhost:3001/_next/static/chunks/node_modules_next_dist_compiled_react-dom_058-ah~._.js:9061:186)
    at performSyncWorkOnRoot (http://localhost:3001/_next/static/chunks/node_modules_next_dist_compiled_react-dom_058-ah~._.js:10263:9)
    at flushSyncWorkAcrossRoots_impl (http://localhost:3001/_next/static/chunks/node_modules_next_dist_compiled_react-dom_058-ah~._.js:10179:316)
    at processRootScheduleInMicrotask (http://localhost:3001/_next/static/chunks/node_modules_next_dist_compiled_react-dom_058-ah~._.js:10200:106)
    at http://localhost:3001/_next/static/chunks/node_modules_next_dist_compiled_react-dom_058-ah~._.js:10274:158
[ 2480741ms] [LOG] [Fast Refresh] rebuilding @ http://localhost:3001/_next/static/chunks/node_modules_next_dist_115brz8._.js:2477
[ 2480764ms] [WARNING] [Fast Refresh] performing full reload because your application had an unrecoverable error @ http://localhost:3001/_next/static/chunks/node_modules_next_dist_115brz8._.js:2477
[ 2480792ms] [LOG] [Fast Refresh] done in 95ms @ http://localhost:3001/_next/static/chunks/node_modules_next_dist_115brz8._.js:2477
[ 2480848ms] ReferenceError: SCHEDULE_OPTIONS is not defined
    at ScraperPage (http://localhost:3001/_next/static/chunks/apps_admin_app_scraper_page_tsx_0ds1j3m._.js?id=%255Bproject%255D%252Fapps%252Fadmin%252Fapp%252Fscraper%252Fpage.tsx+%255Bapp-client%255D+%2528ecmascript%2529:652:35)
    at Object.react_stack_bottom_frame (http://localhost:3001/_next/static/chunks/node_modules_next_dist_compiled_react-dom_058-ah~._.js:15037:24)
    at renderWithHooks (http://localhost:3001/_next/static/chunks/node_modules_next_dist_compiled_react-dom_058-ah~._.js:4620:24)
    at updateFunctionComponent (http://localhost:3001/_next/static/chunks/node_modules_next_dist_compiled_react-dom_058-ah~._.js:6081:21)
    at beginWork (http://localhost:3001/_next/static/chunks/node_modules_next_dist_compiled_react-dom_058-ah~._.js:6691:24)
    at runWithFiberInDEV (http://localhost:3001/_next/static/chunks/node_modules_next_dist_compiled_react-dom_058-ah~._.js:965:74)
    at performUnitOfWork (http://localhost:3001/_next/static/chunks/node_modules_next_dist_compiled_react-dom_058-ah~._.js:9555:97)
    at workLoopSync (http://localhost:3001/_next/static/chunks/node_modules_next_dist_compiled_react-dom_058-ah~._.js:9449:40)
    at renderRootSync (http://localhost:3001/_next/static/chunks/node_modules_next_dist_compiled_react-dom_058-ah~._.js:9433:13)
    at performWorkOnRoot (http://localhost:3001/_next/static/chunks/node_modules_next_dist_compiled_react-dom_058-ah~._.js:9098:47)
    at performWorkOnRootViaSchedulerTask (http://localhost:3001/_next/static/chunks/node_modules_next_dist_compiled_react-dom_058-ah~._.js:10255:9)
    at MessagePort.performWorkUntilDeadline (http://localhost:3001/_next/static/chunks/node_modules_next_dist_compiled_0rpq4pf._.js:2647:64)
[ 2480896ms] [LOG] [Fast Refresh] rebuilding @ http://localhost:3001/_next/static/chunks/node_modules_next_dist_115brz8._.js:2477
[ 2480960ms] [LOG] [Fast Refresh] done in 167ms @ http://localhost:3001/_next/static/chunks/node_modules_next_dist_115brz8._.js:2477
[ 2481155ms] [INFO] %cDownload the React DevTools for a better development experience: https://react.dev/link/react-devtools font-weight:bold @ http://localhost:3001/_next/static/chunks/node_modules_next_dist_115brz8._.js:2477
[ 2481202ms] [LOG] [HMR] connected @ http://localhost:3001/_next/static/chunks/node_modules_next_dist_115brz8._.js:2477
[ 2481379ms] ReferenceError: SCHEDULE_OPTIONS is not defined
    at ScraperPage (http://localhost:3001/_next/static/chunks/apps_admin_app_scraper_page_tsx_0ds1j3m._.js:653:35)
    at Object.react_stack_bottom_frame (http://localhost:3001/_next/static/chunks/node_modules_next_dist_compiled_react-dom_058-ah~._.js:15037:24)
    at renderWithHooks (http://localhost:3001/_next/static/chunks/node_modules_next_dist_compiled_react-dom_058-ah~._.js:4620:24)
    at updateFunctionComponent (http://localhost:3001/_next/static/chunks/node_modules_next_dist_compiled_react-dom_058-ah~._.js:6081:21)
    at beginWork (http://localhost:3001/_next/static/chunks/node_modules_next_dist_compiled_react-dom_058-ah~._.js:6691:24)
    at runWithFiberInDEV (http://localhost:3001/_next/static/chunks/node_modules_next_dist_compiled_react-dom_058-ah~._.js:965:74)
    at performUnitOfWork (http://localhost:3001/_next/static/chunks/node_modules_next_dist_compiled_react-dom_058-ah~._.js:9555:97)
    at workLoopSync (http://localhost:3001/_next/static/chunks/node_modules_next_dist_compiled_react-dom_058-ah~._.js:9449:40)
    at renderRootSync (http://localhost:3001/_next/static/chunks/node_modules_next_dist_compiled_react-dom_058-ah~._.js:9433:13)
    at performWorkOnRoot (http://localhost:3001/_next/static/chunks/node_modules_next_dist_compiled_react-dom_058-ah~._.js:9098:47)
    at performWorkOnRootViaSchedulerTask (http://localhost:3001/_next/static/chunks/node_modules_next_dist_compiled_react-dom_058-ah~._.js:10255:9)
    at MessagePort.performWorkUntilDeadline (http://localhost:3001/_next/static/chunks/node_modules_next_dist_compiled_0rpq4pf._.js:2647:64)
[ 2486354ms] [LOG] [Fast Refresh] rebuilding @ http://localhost:3001/_next/static/chunks/node_modules_next_dist_115brz8._.js:2477
[ 2486371ms] [WARNING] [Fast Refresh] performing full reload because your application had an unrecoverable error @ http://localhost:3001/_next/static/chunks/node_modules_next_dist_115brz8._.js:2477
[ 2486387ms] [WARNING] [Fast Refresh] performing full reload because your application had an unrecoverable error @ http://localhost:3001/_next/static/chunks/node_modules_next_dist_115brz8._.js:2477
[ 2486393ms] [LOG] [Fast Refresh] done in 139ms @ http://localhost:3001/_next/static/chunks/node_modules_next_dist_115brz8._.js:2477
[ 2486503ms] [LOG] [Fast Refresh] rebuilding @ http://localhost:3001/_next/static/chunks/node_modules_next_dist_115brz8._.js:2477
[ 2486587ms] [LOG] [Fast Refresh] done in 192ms @ http://localhost:3001/_next/static/chunks/node_modules_next_dist_115brz8._.js:2477
[ 2486634ms] [INFO] %cDownload the React DevTools for a better development experience: https://react.dev/link/react-devtools font-weight:bold @ http://localhost:3001/_next/static/chunks/node_modules_next_dist_115brz8._.js:2477
[ 2486665ms] [LOG] [HMR] connected @ http://localhost:3001/_next/static/chunks/node_modules_next_dist_115brz8._.js:2477
[ 2486830ms] ReferenceError: SCHEDULE_OPTIONS is not defined
    at ScraperPage (http://localhost:3001/_next/static/chunks/apps_admin_app_scraper_page_tsx_0ds1j3m._.js:660:35)
    at Object.react_stack_bottom_frame (http://localhost:3001/_next/static/chunks/node_modules_next_dist_compiled_react-dom_058-ah~._.js:15037:24)
    at renderWithHooks (http://localhost:3001/_next/static/chunks/node_modules_next_dist_compiled_react-dom_058-ah~._.js:4620:24)
    at updateFunctionComponent (http://localhost:3001/_next/static/chunks/node_modules_next_dist_compiled_react-dom_058-ah~._.js:6081:21)
    at beginWork (http://localhost:3001/_next/static/chunks/node_modules_next_dist_compiled_react-dom_058-ah~._.js:6691:24)
    at runWithFiberInDEV (http://localhost:3001/_next/static/chunks/node_modules_next_dist_compiled_react-dom_058-ah~._.js:965:74)
    at performUnitOfWork (http://localhost:3001/_next/static/chunks/node_modules_next_dist_compiled_react-dom_058-ah~._.js:9555:97)
    at workLoopSync (http://localhost:3001/_next/static/chunks/node_modules_next_dist_compiled_react-dom_058-ah~._.js:9449:40)
    at renderRootSync (http://localhost:3001/_next/static/chunks/node_modules_next_dist_compiled_react-dom_058-ah~._.js:9433:13)
    at performWorkOnRoot (http://localhost:3001/_next/static/chunks/node_modules_next_dist_compiled_react-dom_058-ah~._.js:9098:47)
    at performWorkOnRootViaSchedulerTask (http://localhost:3001/_next/static/chunks/node_modules_next_dist_compiled_react-dom_058-ah~._.js:10255:9)
    at MessagePort.performWorkUntilDeadline (http://localhost:3001/_next/static/chunks/node_modules_next_dist_compiled_0rpq4pf._.js:2647:64)
[ 2495549ms] [LOG] [Fast Refresh] rebuilding @ http://localhost:3001/_next/static/chunks/node_modules_next_dist_115brz8._.js:2477
[ 2495622ms] [WARNING] [Fast Refresh] performing full reload because your application had an unrecoverable error @ http://localhost:3001/_next/static/chunks/node_modules_next_dist_115brz8._.js:2477
[ 2495634ms] [LOG] [Fast Refresh] done in 181ms @ http://localhost:3001/_next/static/chunks/node_modules_next_dist_115brz8._.js:2477
[ 2495739ms] [LOG] [Fast Refresh] rebuilding @ http://localhost:3001/_next/static/chunks/node_modules_next_dist_115brz8._.js:2477
[ 2495830ms] [LOG] [Fast Refresh] done in 195ms @ http://localhost:3001/_next/static/chunks/node_modules_next_dist_115brz8._.js:2477
[ 2495896ms] [INFO] %cDownload the React DevTools for a better development experience: https://react.dev/link/react-devtools font-weight:bold @ http://localhost:3001/_next/static/chunks/node_modules_next_dist_115brz8._.js:2477
[ 2495919ms] [LOG] [HMR] connected @ http://localhost:3001/_next/static/chunks/node_modules_next_dist_115brz8._.js:2477
[ 2496081ms] ReferenceError: SCHEDULE_OPTIONS is not defined
    at ScraperPage (http://localhost:3001/_next/static/chunks/apps_admin_app_scraper_page_tsx_0ds1j3m._.js:661:35)
    at Object.react_stack_bottom_frame (http://localhost:3001/_next/static/chunks/node_modules_next_dist_compiled_react-dom_058-ah~._.js:15037:24)
    at renderWithHooks (http://localhost:3001/_next/static/chunks/node_modules_next_dist_compiled_react-dom_058-ah~._.js:4620:24)
    at updateFunctionComponent (http://localhost:3001/_next/static/chunks/node_modules_next_dist_compiled_react-dom_058-ah~._.js:6081:21)
    at beginWork (http://localhost:3001/_next/static/chunks/node_modules_next_dist_compiled_react-dom_058-ah~._.js:6691:24)
    at runWithFiberInDEV (http://localhost:3001/_next/static/chunks/node_modules_next_dist_compiled_react-dom_058-ah~._.js:965:74)
    at performUnitOfWork (http://localhost:3001/_next/static/chunks/node_modules_next_dist_compiled_react-dom_058-ah~._.js:9555:97)
    at workLoopSync (http://localhost:3001/_next/static/chunks/node_modules_next_dist_compiled_react-dom_058-ah~._.js:9449:40)
    at renderRootSync (http://localhost:3001/_next/static/chunks/node_modules_next_dist_compiled_react-dom_058-ah~._.js:9433:13)
    at performWorkOnRoot (http://localhost:3001/_next/static/chunks/node_modules_next_dist_compiled_react-dom_058-ah~._.js:9098:47)
    at performWorkOnRootViaSchedulerTask (http://localhost:3001/_next/static/chunks/node_modules_next_dist_compiled_react-dom_058-ah~._.js:10255:9)
    at MessagePort.performWorkUntilDeadline (http://localhost:3001/_next/static/chunks/node_modules_next_dist_compiled_0rpq4pf._.js:2647:64)
[ 2519868ms] [LOG] [Fast Refresh] rebuilding @ http://localhost:3001/_next/static/chunks/node_modules_next_dist_115brz8._.js:2477
[ 2519890ms] [WARNING] [Fast Refresh] performing full reload because your application had an unrecoverable error @ http://localhost:3001/_next/static/chunks/node_modules_next_dist_115brz8._.js:2477
[ 2519896ms] [WARNING] [Fast Refresh] performing full reload because your application had an unrecoverable error @ http://localhost:3001/_next/static/chunks/node_modules_next_dist_115brz8._.js:2477
[ 2519964ms] [WARNING] [Fast Refresh] performing full reload because your application had an unrecoverable error @ http://localhost:3001/_next/static/chunks/node_modules_next_dist_115brz8._.js:2477
[ 2519967ms] [LOG] [Fast Refresh] done in 204ms @ http://localhost:3001/_next/static/chunks/node_modules_next_dist_115brz8._.js:2477
[ 2520069ms] [LOG] [Fast Refresh] rebuilding @ http://localhost:3001/_next/static/chunks/node_modules_next_dist_115brz8._.js:2477
[ 2520154ms] [LOG] [Fast Refresh] done in 185ms @ http://localhost:3001/_next/static/chunks/node_modules_next_dist_115brz8._.js:2477
[ 2520248ms] [INFO] %cDownload the React DevTools for a better development experience: https://react.dev/link/react-devtools font-weight:bold @ http://localhost:3001/_next/static/chunks/node_modules_next_dist_115brz8._.js:2477
[ 2520284ms] [LOG] [HMR] connected @ http://localhost:3001/_next/static/chunks/node_modules_next_dist_115brz8._.js:2477
[ 2520459ms] [ERROR] Failed to load resource: the server responded with a status of 404 (Not Found) @ http://localhost:3002/scraper/schedule:0
[ 2520467ms] [ERROR] Failed to load resource: the server responded with a status of 404 (Not Found) @ http://localhost:3002/scraper/schedule:0
[ 2531767ms] [LOG] [Fast Refresh] rebuilding @ http://localhost:3001/_next/static/chunks/node_modules_next_dist_115brz8._.js:2477
[ 2532142ms] [LOG] [Fast Refresh] done in 176ms @ http://localhost:3001/_next/static/chunks/node_modules_next_dist_115brz8._.js:2477
[ 2532145ms] [ERROR] Failed to load resource: the server responded with a status of 404 (Not Found) @ http://localhost:3002/scraper/schedule:0
[ 2917643ms] [LOG] [Fast Refresh] rebuilding @ http://localhost:3001/_next/static/chunks/node_modules_next_dist_115brz8._.js:2477
[ 2917721ms] [WARNING] [Fast Refresh] performing full reload

Fast Refresh will perform a full reload when you edit a file that's imported by modules outside of the React rendering tree.
You might have a file which exports a React component but also exports a value that is imported by a non-React component file.
Consider migrating the non-React component export to a separate file and importing it into both files.

It is also possible the parent component of the component you edited is a class component, which disables Fast Refresh.
Fast Refresh requires at least one parent function component in your React tree. @ http://localhost:3001/_next/static/chunks/node_modules_next_dist_115brz8._.js:2477
[ 2917726ms] [LOG] [Fast Refresh] done in 183ms @ http://localhost:3001/_next/static/chunks/node_modules_next_dist_115brz8._.js:2477
[ 2917836ms] [LOG] [Fast Refresh] rebuilding @ http://localhost:3001/_next/static/chunks/node_modules_next_dist_115brz8._.js:2477
[ 2917886ms] [LOG] [Fast Refresh] done in 155ms @ http://localhost:3001/_next/static/chunks/node_modules_next_dist_115brz8._.js:2477
[ 2918004ms] [LOG] [Fast Refresh] rebuilding @ http://localhost:3001/_next/static/chunks/node_modules_next_dist_115brz8._.js:2477
[ 2918037ms] [LOG] [Fast Refresh] done in 140ms @ http://localhost:3001/_next/static/chunks/node_modules_next_dist_115brz8._.js:2477
[ 2918164ms] [INFO] %cDownload the React DevTools for a better development experience: https://react.dev/link/react-devtools font-weight:bold @ http://localhost:3001/_next/static/chunks/node_modules_next_dist_115brz8._.js:2477
[ 2918217ms] [LOG] [HMR] connected @ http://localhost:3001/_next/static/chunks/node_modules_next_dist_115brz8._.js:2477
[ 2918438ms] [ERROR] Failed to load resource: the server responded with a status of 404 (Not Found) @ http://localhost:3002/scraper/schedule:0
[ 2918439ms] [ERROR] Failed to load resource: the server responded with a status of 404 (Not Found) @ http://localhost:3002/scraper/schedule:0
[ 2987729ms] [ERROR] Failed to load resource: net::ERR_CONNECTION_REFUSED @ http://localhost:3002/health:0
[ 2995341ms] [ERROR] Failed to load resource: net::ERR_CONNECTION_REFUSED @ http://localhost:3002/scraper/stats:0
[ 2995341ms] [ERROR] Failed to load resource: net::ERR_CONNECTION_REFUSED @ http://localhost:3002/scraper/runs?limit=20:0
[ 2995341ms] [ERROR] Failed to load resource: net::ERR_CONNECTION_REFUSED @ http://localhost:3002/health:0
[ 2995446ms] [ERROR] Failed to load resource: net::ERR_CONNECTION_REFUSED @ http://localhost:3002/scraper/prices?page=1&limit=50:0
[ 3003339ms] [ERROR] Failed to load resource: net::ERR_CONNECTION_REFUSED @ http://localhost:3002/scraper/stats:0
[ 3003339ms] [ERROR] Failed to load resource: net::ERR_CONNECTION_REFUSED @ http://localhost:3002/scraper/runs?limit=20:0
[ 3003339ms] [ERROR] Failed to load resource: net::ERR_CONNECTION_REFUSED @ http://localhost:3002/health:0
[ 3003340ms] [ERROR] Failed to load resource: net::ERR_CONNECTION_REFUSED @ http://localhost:3002/scraper/prices?page=1&limit=50:0
[ 3011365ms] [ERROR] Failed to load resource: net::ERR_CONNECTION_REFUSED @ http://localhost:3002/scraper/stats:0
[ 3011365ms] [ERROR] Failed to load resource: net::ERR_CONNECTION_REFUSED @ http://localhost:3002/scraper/runs?limit=20:0
[ 3011365ms] [ERROR] Failed to load resource: net::ERR_CONNECTION_REFUSED @ http://localhost:3002/health:0
[ 3011365ms] [ERROR] Failed to load resource: net::ERR_CONNECTION_REFUSED @ http://localhost:3002/scraper/prices?page=1&limit=50:0
[ 3019371ms] [ERROR] Failed to load resource: net::ERR_CONNECTION_REFUSED @ http://localhost:3002/scraper/stats:0
[ 3019371ms] [ERROR] Failed to load resource: net::ERR_CONNECTION_REFUSED @ http://localhost:3002/scraper/runs?limit=20:0
[ 3019371ms] [ERROR] Failed to load resource: net::ERR_CONNECTION_REFUSED @ http://localhost:3002/health:0
[ 3019372ms] [ERROR] Failed to load resource: net::ERR_CONNECTION_REFUSED @ http://localhost:3002/scraper/prices?page=1&limit=50:0
[ 3824415ms] [LOG] [Fast Refresh] rebuilding @ http://localhost:3001/_next/static/chunks/node_modules_next_dist_115brz8._.js:2477
[ 3824460ms] [LOG] [Fast Refresh] done in 148ms @ http://localhost:3001/_next/static/chunks/node_modules_next_dist_115brz8._.js:2477
[ 7052800ms] [LOG] [HMR] connected @ http://localhost:3001/_next/static/chunks/node_modules_next_dist_115brz8._.js:2477
[29314164ms] [ERROR] Failed to load resource: net::ERR_NETWORK_IO_SUSPENDED @ http://localhost:3002/scraper/stats:0
[29314164ms] [ERROR] Failed to load resource: net::ERR_NETWORK_IO_SUSPENDED @ http://localhost:3002/scraper/runs?limit=20:0
[29314164ms] [ERROR] Failed to load resource: net::ERR_NETWORK_IO_SUSPENDED @ http://localhost:3002/health:0
[29314165ms] [ERROR] Failed to load resource: net::ERR_NETWORK_IO_SUSPENDED @ http://localhost:3002/scraper/prices?page=1&limit=50:0
[29314340ms] [ERROR] WebSocket connection to 'ws://localhost:3001/_next/webpack-hmr?id=OhU0R_mKUsthSr0E3kaaf' failed: Error in connection establishment: net::ERR_NETWORK_IO_SUSPENDED @ http://localhost:3001/_next/static/chunks/node_modules_next_dist_client_0fhqo1d._.js:13322
[35401619ms] [LOG] [HMR] connected @ http://localhost:3001/_next/static/chunks/node_modules_next_dist_115brz8._.js:2477
[35401732ms] [LOG] [Fast Refresh] rebuilding @ http://localhost:3001/_next/static/chunks/node_modules_next_dist_115brz8._.js:2477
[35511144ms] [LOG] [Fast Refresh] done in 109522ms @ http://localhost:3001/_next/static/chunks/node_modules_next_dist_115brz8._.js:2477
[41306558ms] [ERROR] Failed to load resource: net::ERR_CONNECTION_REFUSED @ http://localhost:3002/scraper/stats:0
[41306558ms] [ERROR] Failed to load resource: net::ERR_CONNECTION_REFUSED @ http://localhost:3002/scraper/runs?limit=20:0
[41306558ms] [ERROR] Failed to load resource: net::ERR_CONNECTION_REFUSED @ http://localhost:3002/health:0
[41306650ms] [ERROR] Failed to load resource: net::ERR_CONNECTION_REFUSED @ http://localhost:3002/scraper/prices?page=1&limit=50:0
[42652563ms] [ERROR] Failed to load resource: net::ERR_CONNECTION_REFUSED @ http://localhost:3002/health:0
[43595345ms] [ERROR] Failed to load resource: net::ERR_CONNECTION_REFUSED @ http://localhost:3002/health:0
[44767646ms] [LOG] [Fast Refresh] rebuilding @ http://localhost:3001/_next/static/chunks/node_modules_next_dist_115brz8._.js:2477
[44767674ms] [LOG] [Fast Refresh] done in 133ms @ http://localhost:3001/_next/static/chunks/node_modules_next_dist_115brz8._.js:2477
[44920182ms] [ERROR] Failed to load resource: net::ERR_CONNECTION_REFUSED @ http://localhost:3002/health:0
[44950104ms] [ERROR] Failed to load resource: net::ERR_CONNECTION_REFUSED @ http://localhost:3002/scraper/stats:0
[44950105ms] [ERROR] Failed to load resource: net::ERR_CONNECTION_REFUSED @ http://localhost:3002/scraper/runs?limit=20:0
[44950106ms] [ERROR] Failed to load resource: net::ERR_CONNECTION_REFUSED @ http://localhost:3002/health:0
[44980060ms] [ERROR] Failed to load resource: net::ERR_CONNECTION_REFUSED @ http://localhost:3002/scraper/stats:0
[44980089ms] [ERROR] Failed to load resource: net::ERR_CONNECTION_REFUSED @ http://localhost:3002/scraper/runs?limit=20:0
[44980091ms] [ERROR] Failed to load resource: net::ERR_CONNECTION_REFUSED @ http://localhost:3002/health:0
[45165948ms] [ERROR] Failed to load resource: net::ERR_CONNECTION_REFUSED @ http://localhost:3002/scraper/runs?limit=20:0
[45165952ms] [ERROR] Failed to load resource: net::ERR_CONNECTION_REFUSED @ http://localhost:3002/scraper/stats:0
[45165952ms] [ERROR] Failed to load resource: net::ERR_CONNECTION_REFUSED @ http://localhost:3002/health:0
[55558400ms] [ERROR] Failed to load resource: net::ERR_CONNECTION_REFUSED @ http://localhost:3002/scraper/stats:0
[55558401ms] [ERROR] Failed to load resource: net::ERR_CONNECTION_REFUSED @ http://localhost:3002/scraper/runs?limit=20:0
[55558401ms] [ERROR] Failed to load resource: net::ERR_CONNECTION_REFUSED @ http://localhost:3002/health:0
[55979839ms] [LOG] [Fast Refresh] rebuilding @ http://localhost:3001/_next/static/chunks/node_modules_next_dist_115brz8._.js:2477
[55980021ms] [LOG] [Fast Refresh] done in 284ms @ http://localhost:3001/_next/static/chunks/node_modules_next_dist_115brz8._.js:2477
[55985530ms] [LOG] [Fast Refresh] rebuilding @ http://localhost:3001/_next/static/chunks/node_modules_next_dist_115brz8._.js:2477
[55985616ms] [LOG] [Fast Refresh] done in 186ms @ http://localhost:3001/_next/static/chunks/node_modules_next_dist_115brz8._.js:2477
[55995344ms] [LOG] [Fast Refresh] rebuilding @ http://localhost:3001/_next/static/chunks/node_modules_next_dist_115brz8._.js:2477
[55995628ms] [WARNING] [Fast Refresh] performing full reload

Fast Refresh will perform a full reload when you edit a file that's imported by modules outside of the React rendering tree.
You might have a file which exports a React component but also exports a value that is imported by a non-React component file.
Consider migrating the non-React component export to a separate file and importing it into both files.

It is also possible the parent component of the component you edited is a class component, which disables Fast Refresh.
Fast Refresh requires at least one parent function component in your React tree. @ http://localhost:3001/_next/static/chunks/node_modules_next_dist_115brz8._.js:2477
[55995636ms] [LOG] [Fast Refresh] done in 391ms @ http://localhost:3001/_next/static/chunks/node_modules_next_dist_115brz8._.js:2477
[55995763ms] [LOG] [Fast Refresh] rebuilding @ http://localhost:3001/_next/static/chunks/node_modules_next_dist_115brz8._.js:2477
[55996221ms] [LOG] [Fast Refresh] done in 564ms @ http://localhost:3001/_next/static/chunks/node_modules_next_dist_115brz8._.js:2477
[55996348ms] [LOG] [Fast Refresh] rebuilding @ http://localhost:3001/_next/static/chunks/node_modules_next_dist_115brz8._.js:2477
[55996613ms] [LOG] [Fast Refresh] done in 370ms @ http://localhost:3001/_next/static/chunks/node_modules_next_dist_115brz8._.js:2477
[55996784ms] [INFO] %cDownload the React DevTools for a better development experience: https://react.dev/link/react-devtools font-weight:bold @ http://localhost:3001/_next/static/chunks/node_modules_next_dist_115brz8._.js:2477
[55996837ms] [LOG] [HMR] connected @ http://localhost:3001/_next/static/chunks/node_modules_next_dist_115brz8._.js:2477
[56086131ms] [LOG] [Fast Refresh] rebuilding @ http://localhost:3001/_next/static/chunks/node_modules_next_dist_115brz8._.js:2477
[56086326ms] [LOG] [Fast Refresh] done in 293ms @ http://localhost:3001/_next/static/chunks/node_modules_next_dist_115brz8._.js:2477
[56086430ms] [LOG] [Fast Refresh] rebuilding @ http://localhost:3001/_next/static/chunks/node_modules_next_dist_115brz8._.js:2477
[56086736ms] [LOG] [Fast Refresh] done in 409ms @ http://localhost:3001/_next/static/chunks/node_modules_next_dist_115brz8._.js:2477
[56092088ms] [LOG] [Fast Refresh] rebuilding @ http://localhost:3001/_next/static/chunks/node_modules_next_dist_115brz8._.js:2477
[56092559ms] [LOG] [Fast Refresh] done in 570ms @ http://localhost:3001/_next/static/chunks/node_modules_next_dist_115brz8._.js:2477
[56092680ms] [LOG] [Fast Refresh] rebuilding @ http://localhost:3001/_next/static/chunks/node_modules_next_dist_115brz8._.js:2477
[56093010ms] [LOG] [Fast Refresh] done in 439ms @ http://localhost:3001/_next/static/chunks/node_modules_next_dist_115brz8._.js:2477
[56098423ms] [LOG] [Fast Refresh] rebuilding @ http://localhost:3001/_next/static/chunks/node_modules_next_dist_115brz8._.js:2477
[56098524ms] [LOG] [Fast Refresh] done in 197ms @ http://localhost:3001/_next/static/chunks/node_modules_next_dist_115brz8._.js:2477
[56098632ms] [LOG] [Fast Refresh] rebuilding @ http://localhost:3001/_next/static/chunks/node_modules_next_dist_115brz8._.js:2477
[56098908ms] [LOG] [Fast Refresh] done in 383ms @ http://localhost:3001/_next/static/chunks/node_modules_next_dist_115brz8._.js:2477
[56104708ms] [LOG] [Fast Refresh] rebuilding @ http://localhost:3001/_next/static/chunks/node_modules_next_dist_115brz8._.js:2477
[56104847ms] [LOG] [Fast Refresh] done in 238ms @ http://localhost:3001/_next/static/chunks/node_modules_next_dist_115brz8._.js:2477
[56104948ms] [LOG] [Fast Refresh] rebuilding @ http://localhost:3001/_next/static/chunks/node_modules_next_dist_115brz8._.js:2477
[56105040ms] [LOG] [Fast Refresh] done in 193ms @ http://localhost:3001/_next/static/chunks/node_modules_next_dist_115brz8._.js:2477
[56105310ms] [LOG] [Fast Refresh] rebuilding @ http://localhost:3001/_next/static/chunks/node_modules_next_dist_115brz8._.js:2477
[56105317ms] [LOG] [Fast Refresh] done in 277ms @ http://localhost:3001/_next/static/chunks/node_modules_next_dist_115brz8._.js:2477
[56113338ms] [LOG] [Fast Refresh] rebuilding @ http://localhost:3001/_next/static/chunks/node_modules_next_dist_115brz8._.js:2477
[56113456ms] [LOG] [Fast Refresh] done in 224ms @ http://localhost:3001/_next/static/chunks/node_modules_next_dist_115brz8._.js:2477
[56113565ms] [LOG] [Fast Refresh] rebuilding @ http://localhost:3001/_next/static/chunks/node_modules_next_dist_115brz8._.js:2477
[56113685ms] [LOG] [Fast Refresh] done in 223ms @ http://localhost:3001/_next/static/chunks/node_modules_next_dist_115brz8._.js:2477
[56113969ms] [LOG] [Fast Refresh] rebuilding @ http://localhost:3001/_next/static/chunks/node_modules_next_dist_115brz8._.js:2477
[56113979ms] [LOG] [Fast Refresh] done in 277ms @ http://localhost:3001/_next/static/chunks/node_modules_next_dist_115brz8._.js:2477
[56120245ms] [LOG] [Fast Refresh] rebuilding @ http://localhost:3001/_next/static/chunks/node_modules_next_dist_115brz8._.js:2477
[56120369ms] [LOG] [Fast Refresh] done in 229ms @ http://localhost:3001/_next/static/chunks/node_modules_next_dist_115brz8._.js:2477
[56120477ms] [LOG] [Fast Refresh] rebuilding @ http://localhost:3001/_next/static/chunks/node_modules_next_dist_115brz8._.js:2477
[56120745ms] [LOG] [Fast Refresh] done in 370ms @ http://localhost:3001/_next/static/chunks/node_modules_next_dist_115brz8._.js:2477
[56130627ms] [LOG] [Fast Refresh] rebuilding @ http://localhost:3001/_next/static/chunks/node_modules_next_dist_115brz8._.js:2477
[56131643ms] [LOG] [Fast Refresh] done in 1108ms @ http://localhost:3001/_next/static/chunks/node_modules_next_dist_115brz8._.js:2477
[56131744ms] [LOG] [Fast Refresh] rebuilding @ http://localhost:3001/_next/static/chunks/node_modules_next_dist_115brz8._.js:2477
[56131894ms] [LOG] [Fast Refresh] done in 250ms @ http://localhost:3001/_next/static/chunks/node_modules_next_dist_115brz8._.js:2477
[56139326ms] [LOG] [Fast Refresh] rebuilding @ http://localhost:3001/_next/static/chunks/node_modules_next_dist_115brz8._.js:2477
[56139480ms] [LOG] [Fast Refresh] done in 256ms @ http://localhost:3001/_next/static/chunks/node_modules_next_dist_115brz8._.js:2477
[56139593ms] [LOG] [Fast Refresh] rebuilding @ http://localhost:3001/_next/static/chunks/node_modules_next_dist_115brz8._.js:2477
[56139690ms] [LOG] [Fast Refresh] done in 198ms @ http://localhost:3001/_next/static/chunks/node_modules_next_dist_115brz8._.js:2477
[56139964ms] [LOG] [Fast Refresh] rebuilding @ http://localhost:3001/_next/static/chunks/node_modules_next_dist_115brz8._.js:2477
[56139972ms] [LOG] [Fast Refresh] done in 268ms @ http://localhost:3001/_next/static/chunks/node_modules_next_dist_115brz8._.js:2477
[56153497ms] [LOG] [Fast Refresh] rebuilding @ http://localhost:3001/_next/static/chunks/node_modules_next_dist_115brz8._.js:2477
[56154198ms] [LOG] [Fast Refresh] done in 800ms @ http://localhost:3001/_next/static/chunks/node_modules_next_dist_115brz8._.js:2477
[56154301ms] [LOG] [Fast Refresh] rebuilding @ http://localhost:3001/_next/static/chunks/node_modules_next_dist_115brz8._.js:2477
[56154572ms] [LOG] [Fast Refresh] done in 372ms @ http://localhost:3001/_next/static/chunks/node_modules_next_dist_115brz8._.js:2477
[56161704ms] [LOG] [Fast Refresh] rebuilding @ http://localhost:3001/_next/static/chunks/node_modules_next_dist_115brz8._.js:2477
[56161847ms] [LOG] [Fast Refresh] done in 242ms @ http://localhost:3001/_next/static/chunks/node_modules_next_dist_115brz8._.js:2477
[56161953ms] [LOG] [Fast Refresh] rebuilding @ http://localhost:3001/_next/static/chunks/node_modules_next_dist_115brz8._.js:2477
[56162132ms] [LOG] [Fast Refresh] done in 285ms @ http://localhost:3001/_next/static/chunks/node_modules_next_dist_115brz8._.js:2477
[56167814ms] [LOG] [Fast Refresh] rebuilding @ http://localhost:3001/_next/static/chunks/node_modules_next_dist_115brz8._.js:2477
[56167887ms] [LOG] [Fast Refresh] done in 184ms @ http://localhost:3001/_next/static/chunks/node_modules_next_dist_115brz8._.js:2477
[56168000ms] [LOG] [Fast Refresh] rebuilding @ http://localhost:3001/_next/static/chunks/node_modules_next_dist_115brz8._.js:2477
[56168266ms] [LOG] [Fast Refresh] done in 373ms @ http://localhost:3001/_next/static/chunks/node_modules_next_dist_115brz8._.js:2477
[56172575ms] [LOG] [Fast Refresh] rebuilding @ http://localhost:3001/_next/static/chunks/node_modules_next_dist_115brz8._.js:2477
[56172732ms] [LOG] [Fast Refresh] done in 258ms @ http://localhost:3001/_next/static/chunks/node_modules_next_dist_115brz8._.js:2477
[56172842ms] [LOG] [Fast Refresh] rebuilding @ http://localhost:3001/_next/static/chunks/node_modules_next_dist_115brz8._.js:2477
[56172988ms] [LOG] [Fast Refresh] done in 256ms @ http://localhost:3001/_next/static/chunks/node_modules_next_dist_115brz8._.js:2477
[56177881ms] [LOG] [Fast Refresh] rebuilding @ http://localhost:3001/_next/static/chunks/node_modules_next_dist_115brz8._.js:2477
[56177979ms] [LOG] [Fast Refresh] done in 201ms @ http://localhost:3001/_next/static/chunks/node_modules_next_dist_115brz8._.js:2477
[56178081ms] [LOG] [Fast Refresh] rebuilding @ http://localhost:3001/_next/static/chunks/node_modules_next_dist_115brz8._.js:2477
[56178364ms] [LOG] [Fast Refresh] done in 385ms @ http://localhost:3001/_next/static/chunks/node_modules_next_dist_115brz8._.js:2477
[56183024ms] [LOG] [Fast Refresh] rebuilding @ http://localhost:3001/_next/static/chunks/node_modules_next_dist_115brz8._.js:2477
[56183193ms] [LOG] [Fast Refresh] done in 264ms @ http://localhost:3001/_next/static/chunks/node_modules_next_dist_115brz8._.js:2477
[56183307ms] [LOG] [Fast Refresh] rebuilding @ http://localhost:3001/_next/static/chunks/node_modules_next_dist_115brz8._.js:2477
[56183465ms] [LOG] [Fast Refresh] done in 271ms @ http://localhost:3001/_next/static/chunks/node_modules_next_dist_115brz8._.js:2477
[56192371ms] [LOG] [Fast Refresh] rebuilding @ http://localhost:3001/_next/static/chunks/node_modules_next_dist_115brz8._.js:2477
[56192451ms] [LOG] [Fast Refresh] done in 188ms @ http://localhost:3001/_next/static/chunks/node_modules_next_dist_115brz8._.js:2477
[56192571ms] [LOG] [Fast Refresh] rebuilding @ http://localhost:3001/_next/static/chunks/node_modules_next_dist_115brz8._.js:2477
[56192689ms] [LOG] [Fast Refresh] done in 231ms @ http://localhost:3001/_next/static/chunks/node_modules_next_dist_115brz8._.js:2477
[56199215ms] [LOG] [Fast Refresh] rebuilding @ http://localhost:3001/_next/static/chunks/node_modules_next_dist_115brz8._.js:2477
[56199346ms] [LOG] [Fast Refresh] done in 228ms @ http://localhost:3001/_next/static/chunks/node_modules_next_dist_115brz8._.js:2477
[56199449ms] [LOG] [Fast Refresh] rebuilding @ http://localhost:3001/_next/static/chunks/node_modules_next_dist_115brz8._.js:2477
[56199598ms] [LOG] [Fast Refresh] done in 251ms @ http://localhost:3001/_next/static/chunks/node_modules_next_dist_115brz8._.js:2477
[56204856ms] [LOG] [Fast Refresh] rebuilding @ http://localhost:3001/_next/static/chunks/node_modules_next_dist_115brz8._.js:2477
[56204944ms] [LOG] [Fast Refresh] done in 181ms @ http://localhost:3001/_next/static/chunks/node_modules_next_dist_115brz8._.js:2477
[56205045ms] [LOG] [Fast Refresh] rebuilding @ http://localhost:3001/_next/static/chunks/node_modules_next_dist_115brz8._.js:2477
[56205156ms] [LOG] [Fast Refresh] done in 211ms @ http://localhost:3001/_next/static/chunks/node_modules_next_dist_115brz8._.js:2477
[56205281ms] [LOG] [Fast Refresh] rebuilding @ http://localhost:3001/_next/static/chunks/node_modules_next_dist_115brz8._.js:2477
[56205434ms] [LOG] [Fast Refresh] done in 267ms @ http://localhost:3001/_next/static/chunks/node_modules_next_dist_115brz8._.js:2477
[56229860ms] [LOG] [Fast Refresh] rebuilding @ http://localhost:3001/_next/static/chunks/node_modules_next_dist_115brz8._.js:2477
[56230167ms] [LOG] [Fast Refresh] done in 405ms @ http://localhost:3001/_next/static/chunks/node_modules_next_dist_115brz8._.js:2477
[56230268ms] [LOG] [Fast Refresh] rebuilding @ http://localhost:3001/_next/static/chunks/node_modules_next_dist_115brz8._.js:2477
[56230556ms] [LOG] [Fast Refresh] done in 389ms @ http://localhost:3001/_next/static/chunks/node_modules_next_dist_115brz8._.js:2477
[66999975ms] [ERROR] WebSocket connection to 'ws://localhost:3001/_next/webpack-hmr?id=-ZLMUqBVR0yqlzjOSuUQW' failed: Error in connection establishment: net::ERR_NETWORK_IO_SUSPENDED @ http://localhost:3001/_next/static/chunks/node_modules_next_dist_client_0fhqo1d._.js:13322
[66999976ms] [ERROR] Failed to load resource: net::ERR_NETWORK_IO_SUSPENDED @ http://localhost:3002/scraper/stats:0
[66999976ms] [ERROR] Failed to load resource: net::ERR_NETWORK_IO_SUSPENDED @ http://localhost:3002/scraper/runs?limit=20:0
[66999976ms] [ERROR] Failed to load resource: net::ERR_NETWORK_IO_SUSPENDED @ http://localhost:3002/health:0
[67000994ms] [LOG] [HMR] connected @ http://localhost:3001/_next/static/chunks/node_modules_next_dist_115brz8._.js:2477
[76711349ms] [LOG] [HMR] connected @ http://localhost:3001/_next/static/chunks/node_modules_next_dist_115brz8._.js:2477
[76711594ms] [LOG] [Fast Refresh] rebuilding @ http://localhost:3001/_next/static/chunks/node_modules_next_dist_115brz8._.js:2477
[76711615ms] [LOG] [Fast Refresh] done in 123ms @ http://localhost:3001/_next/static/chunks/node_modules_next_dist_115brz8._.js:2477
[82206997ms] [LOG] [HMR] connected @ http://localhost:3001/_next/static/chunks/node_modules_next_dist_115brz8._.js:2477
[85239114ms] [LOG] [HMR] connected @ http://localhost:3001/_next/static/chunks/node_modules_next_dist_115brz8._.js:2477
[86693354ms] [LOG] [Fast Refresh] rebuilding @ http://localhost:3001/_next/static/chunks/node_modules_next_dist_115brz8._.js:2477
[86693356ms] [LOG] [Fast Refresh] done in 111ms @ http://localhost:3001/_next/static/chunks/node_modules_next_dist_115brz8._.js:2477
[87307493ms] [ERROR] Failed to load resource: net::ERR_CONNECTION_REFUSED @ http://localhost:3002/scraper/stats:0
[87307493ms] [ERROR] Failed to load resource: net::ERR_CONNECTION_REFUSED @ http://localhost:3002/scraper/runs?limit=20:0
[87307493ms] [ERROR] Failed to load resource: net::ERR_CONNECTION_REFUSED @ http://localhost:3002/health:0
[87307493ms] [ERROR] Failed to load resource: net::ERR_CONNECTION_REFUSED @ http://localhost:3002/scraper/prices?page=1&limit=50:0
[96654154ms] [LOG] [HMR] connected @ http://localhost:3001/_next/static/chunks/node_modules_next_dist_115brz8._.js:2477
[98074665ms] [LOG] [HMR] connected @ http://localhost:3001/_next/static/chunks/node_modules_next_dist_115brz8._.js:2477
[98074775ms] [LOG] [Fast Refresh] rebuilding @ http://localhost:3001/_next/static/chunks/node_modules_next_dist_115brz8._.js:2477
[98074848ms] [LOG] [Fast Refresh] done in 178ms @ http://localhost:3001/_next/static/chunks/node_modules_next_dist_115brz8._.js:2477
[114079254ms] [ERROR] Failed to load resource: net::ERR_NETWORK_IO_SUSPENDED @ http://localhost:3002/scraper/runs?limit=20:0
[114079260ms] [ERROR] Failed to load resource: net::ERR_NETWORK_IO_SUSPENDED @ http://localhost:3002/health:0
[114079261ms] [ERROR] WebSocket connection to 'ws://localhost:3001/_next/webpack-hmr?id=-ZLMUqBVR0yqlzjOSuUQW' failed: Error in connection establishment: net::ERR_NETWORK_IO_SUSPENDED @ http://localhost:3001/_next/static/chunks/node_modules_next_dist_client_0fhqo1d._.js:13322
[114079539ms] [ERROR] Failed to load resource: net::ERR_NETWORK_IO_SUSPENDED @ http://localhost:3002/scraper/stats:0
[183413540ms] [LOG] [HMR] connected @ http://localhost:3001/_next/static/chunks/node_modules_next_dist_115brz8._.js:2477
[183413686ms] [LOG] [Fast Refresh] rebuilding @ http://localhost:3001/_next/static/chunks/node_modules_next_dist_115brz8._.js:2477
[183475420ms] [ERROR] Failed to load resource: net::ERR_CONNECTION_REFUSED @ http://localhost:3002/scraper/stats:0
[183475433ms] [ERROR] Failed to load resource: net::ERR_CONNECTION_REFUSED @ http://localhost:3002/scraper/runs?limit=20:0
[183475437ms] [ERROR] Failed to load resource: net::ERR_CONNECTION_REFUSED @ http://localhost:3002/health:0
[183475437ms] [ERROR] Failed to load resource: net::ERR_CONNECTION_REFUSED @ http://localhost:3002/scraper/prices?page=1&limit=50:0
[183500268ms] [LOG] [Fast Refresh] done in 86686ms @ http://localhost:3001/_next/static/chunks/node_modules_next_dist_115brz8._.js:2477
[183620601ms] [LOG] [Fast Refresh] rebuilding @ http://localhost:3001/_next/static/chunks/node_modules_next_dist_115brz8._.js:2477
[183620698ms] [LOG] [Fast Refresh] done in 201ms @ http://localhost:3001/_next/static/chunks/node_modules_next_dist_115brz8._.js:2477
