[     478ms] [INFO] %cDownload the React DevTools for a better development experience: https://react.dev/link/react-devtools font-weight:bold @ http://localhost:3000/_next/static/chunks/node_modules_next_dist_115brz8._.js:2477
[     535ms] [LOG] [HMR] connected @ http://localhost:3000/_next/static/chunks/node_modules_next_dist_115brz8._.js:2477
[    1055ms] [ERROR] Failed to load resource: the server responded with a status of 404 (Not Found) @ http://localhost:3000/icon.png:0
[    1061ms] [WARNING] Error while trying to use the following icon from the Manifest: http://localhost:3000/icon.png (Download error or resource isn't a valid image) @ http://localhost:3000/:0
[    5055ms] [WARNING] The resource http://localhost:3000/_next/static/chunks/%5Broot-of-the-server%5D__0n99re6._.css was preloaded using link preload but not used within a few seconds from the window's load event. Please make sure it has an appropriate `as` value and it is preloaded intentionally. @ http://localhost:3000/:0
[   76327ms] [WARNING] The resource http://localhost:3000/_next/static/chunks/%5Broot-of-the-server%5D__0n99re6._.css was preloaded using link preload but not used within a few seconds from the window's load event. Please make sure it has an appropriate `as` value and it is preloaded intentionally. @ http://localhost:3000/:0
[  112836ms] [LOG] [Fast Refresh] rebuilding @ http://localhost:3000/_next/static/chunks/node_modules_next_dist_115brz8._.js:2477
[  113480ms] [ERROR] ./apps/web/app/page.tsx:276:10
Expected '</', got ';'
  274 |           {slide.badgeB}
  275 |           </motion.div>
> 276 |         );
      |          ^
  277 |       })}
  278 |
  279 |       {/* Bottom Floating Navigation Dock */}

Parsing ecmascript source code failed

Import traces:
  Client Component Browser:
    ./apps/web/app/page.tsx [Client Component Browser]
    ./apps/web/app/page.tsx [Server Component]

  Client Component SSR:
    ./apps/web/app/page.tsx [Client Component SSR]
    ./apps/web/app/page.tsx [Server Component] @ http://localhost:3000/_next/static/chunks/node_modules_next_dist_115brz8._.js:3318
[  113676ms] [ERROR] ./apps/web/app/page.tsx:276:10
Expected '</', got ';'
  274 |           {slide.badgeB}
  275 |           </motion.div>
> 276 |         );
      |          ^
  277 |       })}
  278 |
  279 |       {/* Bottom Floating Navigation Dock */}

Parsing ecmascript source code failed

Import traces:
  Client Component Browser:
    ./apps/web/app/page.tsx [Client Component Browser]
    ./apps/web/app/page.tsx [Server Component]

  Client Component SSR:
    ./apps/web/app/page.tsx [Client Component SSR]
    ./apps/web/app/page.tsx [Server Component] @ http://localhost:3000/_next/static/chunks/node_modules_next_dist_115brz8._.js:3318
[  113779ms] [LOG] [Fast Refresh] rebuilding @ http://localhost:3000/_next/static/chunks/node_modules_next_dist_115brz8._.js:2477
[  114790ms] [ERROR] ./apps/web/app/page.tsx:276:10
Expected '</', got ';'
  274 |           {slide.badgeB}
  275 |           </motion.div>
> 276 |         );
      |          ^
  277 |       })}
  278 |
  279 |       {/* Bottom Floating Navigation Dock */}

Parsing ecmascript source code failed

Import traces:
  Client Component Browser:
    ./apps/web/app/page.tsx [Client Component Browser]
    ./apps/web/app/page.tsx [Server Component]

  Client Component SSR:
    ./apps/web/app/page.tsx [Client Component SSR]
    ./apps/web/app/page.tsx [Server Component] @ http://localhost:3000/_next/static/chunks/node_modules_next_dist_115brz8._.js:3318
[  114896ms] [LOG] [Fast Refresh] rebuilding @ http://localhost:3000/_next/static/chunks/node_modules_next_dist_115brz8._.js:2477
[  116000ms] [ERROR] ./apps/web/app/page.tsx:276:10
Expected '</', got ';'
  274 |           {slide.badgeB}
  275 |           </motion.div>
> 276 |         );
      |          ^
  277 |       })}
  278 |
  279 |       {/* Bottom Floating Navigation Dock */}

Parsing ecmascript source code failed

Import traces:
  Client Component Browser:
    ./apps/web/app/page.tsx [Client Component Browser]
    ./apps/web/app/page.tsx [Server Component]

  Client Component SSR:
    ./apps/web/app/page.tsx [Client Component SSR]
    ./apps/web/app/page.tsx [Server Component] @ http://localhost:3000/_next/static/chunks/node_modules_next_dist_115brz8._.js:3318
[  116000ms] [ERROR] Failed to load resource: the server responded with a status of 500 (Internal Server Error) @ http://localhost:3000/?_rsc=q3mOO9BClNZHexY7:0
[  116131ms] [ERROR] ./apps/web/app/page.tsx:276:10
Expected '</', got ';'
  274 |           {slide.badgeB}
  275 |           </motion.div>
> 276 |         );
      |          ^
  277 |       })}
  278 |
  279 |       {/* Bottom Floating Navigation Dock */}

Parsing ecmascript source code failed

Import traces:
  Client Component Browser:
    ./apps/web/app/page.tsx [Client Component Browser]
    ./apps/web/app/page.tsx [Server Component]

  Client Component SSR:
    ./apps/web/app/page.tsx [Client Component SSR]
    ./apps/web/app/page.tsx [Server Component] @ http://localhost:3000/_next/static/chunks/node_modules_next_dist_115brz8._.js:3318
[  116131ms] [ERROR] Failed to load resource: the server responded with a status of 500 (Internal Server Error) @ http://localhost:3000/?_rsc=q3mOO9BClNZHexY7:0
[  116279ms] [ERROR] Failed to load resource: the server responded with a status of 500 (Internal Server Error) @ http://localhost:3000/:0
[  116387ms] [ERROR] Refused to execute script from 'http://localhost:3000/_next/static/development/_clientMiddlewareManifest.js' because its MIME type ('application/json') is not executable, and strict MIME type checking is enabled. @ http://localhost:3000/:0
[  116429ms] [INFO] %cDownload the React DevTools for a better development experience: https://react.dev/link/react-devtools font-weight:bold @ http://localhost:3000/_next/static/chunks/node_modules_react-dom_0bruynb._.js:15305
[  116493ms] Error: ./apps/web/app/page.tsx:276:10
Expected '</', got ';'
  274 |           {slide.badgeB}
  275 |           </motion.div>
> 276 |         );
      |          ^
  277 |       })}
  278 |
  279 |       {/* Bottom Floating Navigation Dock */}

Parsing ecmascript source code failed

Import traces:
  Client Component Browser:
    ./apps/web/app/page.tsx [Client Component Browser]
    ./apps/web/app/page.tsx [Server Component]

  Client Component SSR:
    ./apps/web/app/page.tsx [Client Component SSR]
    ./apps/web/app/page.tsx [Server Component]


    at <unknown> (Error: ./apps/web/app/page.tsx:276:10)
    at Object.getCompilationErrors (file://D:\CODE\Projects\Markhor System\AI-E-commerce\node_modules\next\dist\server\dev\hot-reloader-turbopack.js:1186:59)
    at DevBundlerService.getCompilationError (file://D:\CODE\Projects\Markhor System\AI-E-commerce\node_modules\next\dist\server\lib\dev-bundler-service.js:44:55)
    at DevServer.getCompilationError (file://D:\CODE\Projects\Markhor System\AI-E-commerce\node_modules\next\dist\server\dev\next-dev-server.js:720:42)
    at DevServer.findPageComponents (file://D:\CODE\Projects\Markhor System\AI-E-commerce\node_modules\next\dist\server\dev\next-dev-server.js:690:43)
    at async DevServer.renderErrorToResponseImpl (file://D:\CODE\Projects\Markhor System\AI-E-commerce\node_modules\next\dist\server\base-server.js:1753:26)
[  116494ms] [LOG] [HMR] connected @ http://localhost:3000/_next/static/chunks/node_modules_next_dist_0u_w_5s._.js:1226
[  116497ms] [ERROR] ./apps/web/app/page.tsx:276:10
Expected '</', got ';'
  274 |           {slide.badgeB}
  275 |           </motion.div>
> 276 |         );
      |          ^
  277 |       })}
  278 |
  279 |       {/* Bottom Floating Navigation Dock */}

Parsing ecmascript source code failed

Import traces:
  Client Component Browser:
    ./apps/web/app/page.tsx [Client Component Browser]
    ./apps/web/app/page.tsx [Server Component]

  Client Component SSR:
    ./apps/web/app/page.tsx [Client Component SSR]
    ./apps/web/app/page.tsx [Server Component] @ http://localhost:3000/_next/static/chunks/node_modules_next_dist_0u_w_5s._.js:1945
[  116504ms] [ERROR] Failed to load resource: the server responded with a status of 404 (Not Found) @ http://localhost:3000/favicon.ico:0
[  116585ms] [ERROR] ./apps/web/app/page.tsx:276:10
Expected '</', got ';'
  274 |           {slide.badgeB}
  275 |           </motion.div>
> 276 |         );
      |          ^
  277 |       })}
  278 |
  279 |       {/* Bottom Floating Navigation Dock */}

Parsing ecmascript source code failed

Import traces:
  Client Component Browser:
    ./apps/web/app/page.tsx [Client Component Browser]
    ./apps/web/app/page.tsx [Server Component]

  Client Component SSR:
    ./apps/web/app/page.tsx [Client Component SSR]
    ./apps/web/app/page.tsx [Server Component] @ http://localhost:3000/_next/static/chunks/node_modules_next_dist_0u_w_5s._.js:1945
[  127531ms] [LOG] [Fast Refresh] rebuilding @ http://localhost:3000/_next/static/chunks/node_modules_next_dist_0u_w_5s._.js:1226
[  127670ms] [LOG] [Fast Refresh] done in 248ms @ http://localhost:3000/_next/static/chunks/node_modules_next_dist_0u_w_5s._.js:1226
[  127867ms] [LOG] [Fast Refresh] rebuilding @ http://localhost:3000/_next/static/chunks/node_modules_next_dist_0u_w_5s._.js:1226
[  127972ms] [LOG] [Fast Refresh] done in 205ms @ http://localhost:3000/_next/static/chunks/node_modules_next_dist_0u_w_5s._.js:1226
[  128466ms] [INFO] %cDownload the React DevTools for a better development experience: https://react.dev/link/react-devtools font-weight:bold @ http://localhost:3000/_next/static/chunks/node_modules_next_dist_115brz8._.js:2477
[  128533ms] [LOG] [HMR] connected @ http://localhost:3000/_next/static/chunks/node_modules_next_dist_115brz8._.js:2477
[  128961ms] [ERROR] Failed to load resource: the server responded with a status of 404 (Not Found) @ http://localhost:3000/icon.png:0
[  129003ms] [WARNING] Error while trying to use the following icon from the Manifest: http://localhost:3000/icon.png (Download error or resource isn't a valid image) @ http://localhost:3000/:0
[  132562ms] [WARNING] The resource http://localhost:3000/_next/static/chunks/%5Broot-of-the-server%5D__0n99re6._.css was preloaded using link preload but not used within a few seconds from the window's load event. Please make sure it has an appropriate `as` value and it is preloaded intentionally. @ http://localhost:3000/:0
